  peanut_sdl.c
C:\Peanut-GB\peanut_gb.h(642,3): error C2061: syntax error: identifier 'bool'
C:\Peanut-GB\peanut_gb.h(643,8): error C2061: syntax error: identifier 'gb_ime'
C:\Peanut-GB\peanut_gb.h(643,8): error C2059: syntax error: ';'
C:\Peanut-GB\peanut_gb.h(643,15): error C2059: syntax error: ':'
C:\Peanut-GB\peanut_gb.h(648,8): error C2061: syntax error: identifier 'gb_frame'
C:\Peanut-GB\peanut_gb.h(648,8): error C2059: syntax error: ';'
C:\Peanut-GB\peanut_gb.h(648,17): error C2059: syntax error: ':'
C:\Peanut-GB\peanut_gb.h(649,8): error C2061: syntax error: identifier 'lcd_blank'
C:\Peanut-GB\peanut_gb.h(649,8): error C2059: syntax error: ';'
C:\Peanut-GB\peanut_gb.h(649,18): error C2059: syntax error: ':'
C:\Peanut-GB\peanut_gb.h(651,8): error C2061: syntax error: identifier 'cart_is_mbc3O'
C:\Peanut-GB\peanut_gb.h(651,8): error C2059: syntax error: ';'
C:\Peanut-GB\peanut_gb.h(651,22): error C2059: syntax error: ':'
C:\Peanut-GB\peanut_gb.h(652,2): error C2059: syntax error: '}'
C:\Peanut-GB\peanut_gb.h(716,3): error C2061: syntax error: identifier 'bool'
C:\Peanut-GB\peanut_gb.h(717,8): error C2061: syntax error: identifier 'interlace_count'
C:\Peanut-GB\peanut_gb.h(717,8): error C2059: syntax error: ';'
C:\Peanut-GB\peanut_gb.h(717,24): error C2059: syntax error: ':'
C:\Peanut-GB\peanut_gb.h(718,2): error C2059: syntax error: '}'
C:\Peanut-GB\peanut_gb.h(732,3): error C2061: syntax error: identifier 'bool'
C:\Peanut-GB\peanut_gb.h(733,8): error C2061: syntax error: identifier 'frame_skip'
C:\Peanut-GB\peanut_gb.h(733,8): error C2059: syntax error: ';'
C:\Peanut-GB\peanut_gb.h(733,19): error C2059: syntax error: ':'
C:\Peanut-GB\peanut_gb.h(743,5): error C2061: syntax error: identifier 'bool'
C:\Peanut-GB\peanut_gb.h(744,10): error C2061: syntax error: identifier 'b'
C:\Peanut-GB\peanut_gb.h(744,10): error C2059: syntax error: ';'
C:\Peanut-GB\peanut_gb.h(744,13): error C2059: syntax error: ':'
C:\Peanut-GB\peanut_gb.h(745,10): error C2061: syntax error: identifier 'select'
C:\Peanut-GB\peanut_gb.h(745,10): error C2059: syntax error: ';'
C:\Peanut-GB\peanut_gb.h(745,17): error C2059: syntax error: ':'
C:\Peanut-GB\peanut_gb.h(746,10): error C2061: syntax error: identifier 'start'
C:\Peanut-GB\peanut_gb.h(746,10): error C2059: syntax error: ';'
C:\Peanut-GB\peanut_gb.h(746,16): error C2059: syntax error: ':'
C:\Peanut-GB\peanut_gb.h(747,10): error C2061: syntax error: identifier 'right'
C:\Peanut-GB\peanut_gb.h(747,10): error C2059: syntax error: ';'
C:\Peanut-GB\peanut_gb.h(747,16): error C2059: syntax error: ':'
C:\Peanut-GB\peanut_gb.h(748,10): error C2061: syntax error: identifier 'left'
C:\Peanut-GB\peanut_gb.h(748,10): error C2059: syntax error: ';'
C:\Peanut-GB\peanut_gb.h(748,15): error C2059: syntax error: ':'
C:\Peanut-GB\peanut_gb.h(749,10): error C2061: syntax error: identifier 'up'
C:\Peanut-GB\peanut_gb.h(749,10): error C2059: syntax error: ';'
C:\Peanut-GB\peanut_gb.h(749,14): error C2059: syntax error: ':'
C:\Peanut-GB\peanut_gb.h(750,10): error C2061: syntax error: identifier 'down'
C:\Peanut-GB\peanut_gb.h(750,10): error C2059: syntax error: ';'
C:\Peanut-GB\peanut_gb.h(750,15): error C2059: syntax error: ':'
C:\Peanut-GB\peanut_gb.h(751,4): error C2059: syntax error: '}'
C:\Peanut-GB\peanut_gb.h(753,3): error C2059: syntax error: '}'
C:\Peanut-GB\peanut_gb.h(757,2): error C2059: syntax error: '}'
C:\Peanut-GB\peanut_gb.h(758,1): error C2059: syntax error: '}'
C:\Peanut-GB\peanut_gb.h(806,6): error C2037: left of 'hram_io' specifies undefined struct/union 'gb_s'
C:\Peanut-GB\peanut_gb.h(808,11): error C2037: left of 'gb_bootrom_read' specifies undefined struct/union 'gb_s'
C:\Peanut-GB\peanut_gb.h(808,4): warning C4033: '__gb_read' must return a value
C:\Peanut-GB\peanut_gb.h(815,10): error C2037: left of 'gb_rom_read' specifies undefined struct/union 'gb_s'
C:\Peanut-GB\peanut_gb.h(815,3): warning C4033: '__gb_read' must return a value
C:\Peanut-GB\peanut_gb.h(821,6): error C2037: left of 'mbc' specifies undefined struct/union 'gb_s'
C:\Peanut-GB\peanut_gb.h(821,22): error C2037: left of 'cart_mode_select' specifies undefined struct/union 'gb_s'
C:\Peanut-GB\peanut_gb.h(822,11): error C2037: left of 'gb_rom_read' specifies undefined struct/union 'gb_s'
C:\Peanut-GB\peanut_gb.h(823,22): error C2037: left of 'selected_rom_bank' specifies undefined struct/union 'gb_s'
C:\Peanut-GB\peanut_gb.h(822,4): warning C4033: '__gb_read' must return a value
C:\Peanut-GB\peanut_gb.h(825,11): error C2037: left of 'gb_rom_read' specifies undefined struct/union 'gb_s'
C:\Peanut-GB\peanut_gb.h(825,39): error C2037: left of 'selected_rom_bank' specifies undefined struct/union 'gb_s'
C:\Peanut-GB\peanut_gb.h(825,4): warning C4033: '__gb_read' must return a value
C:\Peanut-GB\peanut_gb.h(829,10): error C2037: left of 'vram' specifies undefined struct/union 'gb_s'
C:\Peanut-GB\peanut_gb.h(829,3): warning C4033: '__gb_read' must return a value
C:\Peanut-GB\peanut_gb.h(833,6): error C2037: left of 'mbc' specifies undefined struct/union 'gb_s'
C:\Peanut-GB\peanut_gb.h(833,22): error C2037: left of 'cart_ram_bank' specifies undefined struct/union 'gb_s'
C:\Peanut-GB\peanut_gb.h(835,11): error C2037: left of 'rtc_latched' specifies undefined struct/union 'gb_s'
C:\Peanut-GB\peanut_gb.h(835,33): error C2037: left of 'cart_ram_bank' specifies undefined struct/union 'gb_s'
C:\Peanut-GB\peanut_gb.h(835,4): warning C4033: '__gb_read' must return a value
C:\Peanut-GB\peanut_gb.h(837,11): error C2037: left of 'cart_ram' specifies undefined struct/union 'gb_s'
C:\Peanut-GB\peanut_gb.h(837,27): error C2037: left of 'enable_cart_ram' specifies undefined struct/union 'gb_s'
C:\Peanut-GB\peanut_gb.h(839,7): error C2037: left of 'mbc' specifies undefined struct/union 'gb_s'
C:\Peanut-GB\peanut_gb.h(843,12): error C2037: left of 'gb_cart_ram_read' specifies undefined struct/union 'gb_s'
C:\Peanut-GB\peanut_gb.h(843,5): warning C4033: '__gb_read' must return a value
C:\Peanut-GB\peanut_gb.h(845,13): error C2037: left of 'cart_mode_select' specifies undefined struct/union 'gb_s'
C:\Peanut-GB\peanut_gb.h(845,37): error C2037: left of 'mbc' specifies undefined struct/union 'gb_s'
C:\Peanut-GB\peanut_gb.h(846,6): error C2037: left of 'cart_ram_bank' specifies undefined struct/union 'gb_s'
C:\Peanut-GB\peanut_gb.h(846,26): error C2037: left of 'num_ram_banks' specifies undefined struct/union 'gb_s'
C:\Peanut-GB\peanut_gb.h(848,12): error C2037: left of 'gb_cart_ram_read' specifies undefined struct/union 'gb_s'
C:\Peanut-GB\peanut_gb.h(849,13): error C2037: left of 'cart_ram_bank' specifies undefined struct/union 'gb_s'
C:\Peanut-GB\peanut_gb.h(848,5): warning C4033: '__gb_read' must return a value
C:\Peanut-GB\peanut_gb.h(852,12): error C2037: left of 'gb_cart_ram_read' specifies undefined struct/union 'gb_s'
C:\Peanut-GB\peanut_gb.h(852,5): warning C4033: '__gb_read' must return a value
C:\Peanut-GB\peanut_gb.h(859,10): error C2037: left of 'wram' specifies undefined struct/union 'gb_s'
C:\Peanut-GB\peanut_gb.h(859,3): warning C4033: '__gb_read' must return a value
C:\Peanut-GB\peanut_gb.h(862,10): error C2037: left of 'wram' specifies undefined struct/union 'gb_s'
C:\Peanut-GB\peanut_gb.h(862,3): warning C4033: '__gb_read' must return a value
C:\Peanut-GB\peanut_gb.h(866,11): error C2037: left of 'wram' specifies undefined struct/union 'gb_s'
C:\Peanut-GB\peanut_gb.h(866,4): warning C4033: '__gb_read' must return a value
C:\Peanut-GB\peanut_gb.h(869,11): error C2037: left of 'oam' specifies undefined struct/union 'gb_s'
C:\Peanut-GB\peanut_gb.h(869,4): warning C4033: '__gb_read' must return a value
C:\Peanut-GB\peanut_gb.h(891,11): error C2037: left of 'hram_io' specifies undefined struct/union 'gb_s'
C:\Peanut-GB\peanut_gb.h(891,4): warning C4033: '__gb_read' must return a value
C:\Peanut-GB\peanut_gb.h(897,11): error C2037: left of 'hram_io' specifies undefined struct/union 'gb_s'
C:\Peanut-GB\peanut_gb.h(897,4): warning C4033: '__gb_read' must return a value
C:\Peanut-GB\peanut_gb.h(902,3): error C2037: left of 'gb_error' specifies undefined struct/union 'gb_s'
C:\Peanut-GB\peanut_gb.h(916,7): error C2037: left of 'mbc' specifies undefined struct/union 'gb_s'
C:\Peanut-GB\peanut_gb.h(916,22): error C2037: left of 'mbc' specifies undefined struct/union 'gb_s'
C:\Peanut-GB\peanut_gb.h(918,8): error C2037: left of 'cart_ram' specifies undefined struct/union 'gb_s'
C:\Peanut-GB\peanut_gb.h(919,5): error C2037: left of 'enable_cart_ram' specifies undefined struct/union 'gb_s'
C:\Peanut-GB\peanut_gb.h(925,7): error C2037: left of 'mbc' specifies undefined struct/union 'gb_s'
C:\Peanut-GB\peanut_gb.h(927,4): error C2037: left of 'selected_rom_bank' specifies undefined struct/union 'gb_s'
C:\Peanut-GB\peanut_gb.h(928,6): error C2037: left of 'selected_rom_bank' specifies undefined struct/union 'gb_s'
C:\Peanut-GB\peanut_gb.h(929,4): error C2037: left of 'selected_rom_bank' specifies undefined struct/union 'gb_s'
C:\Peanut-GB\peanut_gb.h(930,5): error C2037: left of 'selected_rom_bank' specifies undefined struct/union 'gb_s'
C:\Peanut-GB\peanut_gb.h(930,29): error C2037: left of 'num_rom_banks_mask' specifies undefined struct/union 'gb_s'
C:\Peanut-GB\peanut_gb.h(936,6): error C2037: left of 'mbc' specifies undefined struct/union 'gb_s'
C:\Peanut-GB\peanut_gb.h(939,4): error C2037: left of 'selected_rom_bank' specifies undefined struct/union 'gb_s'
C:\Peanut-GB\peanut_gb.h(939,44): error C2037: left of 'selected_rom_bank' specifies undefined struct/union 'gb_s'
C:\Peanut-GB\peanut_gb.h(941,8): error C2037: left of 'selected_rom_bank' specifies undefined struct/union 'gb_s'
C:\Peanut-GB\peanut_gb.h(942,5): error C2037: left of 'selected_rom_bank' specifies undefined struct/union 'gb_s'
C:\Peanut-GB\peanut_gb.h(944,11): error C2037: left of 'mbc' specifies undefined struct/union 'gb_s'
C:\Peanut-GB\peanut_gb.h(949,5): error C2037: left of 'selected_rom_bank' specifies undefined struct/union 'gb_s'
C:\Peanut-GB\peanut_gb.h(951,9): error C2037: left of 'selected_rom_bank' specifies undefined struct/union 'gb_s'
C:\Peanut-GB\peanut_gb.h(952,6): error C2037: left of 'selected_rom_bank' specifies undefined struct/union 'gb_s'
C:\Peanut-GB\peanut_gb.h(957,5): error C2037: left of 'enable_cart_ram' specifies undefined struct/union 'gb_s'
C:\Peanut-GB\peanut_gb.h(957,9): fatal  error C1003: error count exceeds 100; stopping compilation
